Using pre-set license
Built from '2021.3/staging' branch; Version is '2021.3.9f1 (ad3870b89536) revision 11352176'; Using compiler version '192829333'; Build Type 'Release'
OS: 'Windows 10  (10.0.19044) 64bit Professional' Language: 'es' Physical Memory: 16263 MB
BatchMode: 1, IsHumanControllingUs: 0, StartBugReporterOnCrash: 0, Is64bit: 1, IsPro: 1

COMMAND LINE ARGUMENTS:
C:\Program Files\Unity\Hub\Editor\2021.3.9f1\Editor\Unity.exe
-adb2
-batchMode
-noUpm
-name
AssetImportWorker0
-projectPath
C:/Septiembre-Diciembre 2022/Creación de videojuegos/Unidad I/Proyectos unity/Personal Proyect
-logFile
Logs/AssetImportWorker0.log
-srvPort
62250
Successfully changed project path to: C:/Septiembre-Diciembre 2022/Creación de videojuegos/Unidad I/Proyectos unity/Personal Proyect
C:/Septiembre-Diciembre 2022/Creación de videojuegos/Unidad I/Proyectos unity/Personal Proyect
[UnityMemory] Configuration Parameters - Can be set up in boot.config
    "memorysetup-bucket-allocator-granularity=16"
    "memorysetup-bucket-allocator-bucket-count=8"
    "memorysetup-bucket-allocator-block-size=33554432"
    "memorysetup-bucket-allocator-block-count=8"
    "memorysetup-main-allocator-block-size=16777216"
    "memorysetup-thread-allocator-block-size=16777216"
    "memorysetup-gfx-main-allocator-block-size=16777216"
    "memorysetup-gfx-thread-allocator-block-size=16777216"
    "memorysetup-cache-allocator-block-size=4194304"
    "memorysetup-typetree-allocator-block-size=2097152"
    "memorysetup-profiler-bucket-allocator-granularity=16"
    "memorysetup-profiler-bucket-allocator-bucket-count=8"
    "memorysetup-profiler-bucket-allocator-block-size=33554432"
    "memorysetup-profiler-bucket-allocator-block-count=8"
    "memorysetup-profiler-allocator-block-size=16777216"
    "memorysetup-profiler-editor-allocator-block-size=1048576"
    "memorysetup-temp-allocator-size-main=16777216"
    "memorysetup-job-temp-allocator-block-size=2097152"
    "memorysetup-job-temp-allocator-block-size-background=1048576"
    "memorysetup-job-temp-allocator-reduction-small-platforms=262144"
    "memorysetup-temp-allocator-size-background-worker=32768"
    "memorysetup-temp-allocator-size-job-worker=262144"
    "memorysetup-temp-allocator-size-preload-manager=33554432"
    "memorysetup-temp-allocator-size-nav-mesh-worker=65536"
    "memorysetup-temp-allocator-size-audio-worker=65536"
    "memorysetup-temp-allocator-size-cloud-worker=32768"
    "memorysetup-temp-allocator-size-gi-baking-worker=262144"
    "memorysetup-temp-allocator-size-gfx=262144"
Refreshing native plugins compatible for Editor in 329.34 ms, found 3 plugins.
Preloading 0 native plugins for Editor in 0.00 ms.
Initialize engine version: 2021.3.9f1 (ad3870b89536)
[Subsystems] Discovering subsystems at path C:/Program Files/Unity/Hub/Editor/2021.3.9f1/Editor/Data/Resources/UnitySubsystems
[Subsystems] Discovering subsystems at path C:/Septiembre-Diciembre 2022/Creación de videojuegos/Unidad I/Proyectos unity/Personal Proyect/Assets
GfxDevice: creating device client; threaded=0; jobified=0
Direct3D:
    Version:  Direct3D 11.0 [level 11.1]
    Renderer: Intel(R) HD Graphics 520 (ID=0x1916)
    Vendor:   Intel
    VRAM:     8131 MB
    Driver:   27.20.100.8854
Initialize mono
Mono path[0] = 'C:/Program Files/Unity/Hub/Editor/2021.3.9f1/Editor/Data/Managed'
Mono path[1] = 'C:/Program Files/Unity/Hub/Editor/2021.3.9f1/Editor/Data/MonoBleedingEdge/lib/mono/unityjit-win32'
Mono config path = 'C:/Program Files/Unity/Hub/Editor/2021.3.9f1/Editor/Data/MonoBleedingEdge/etc'
Using monoOptions --debugger-agent=transport=dt_socket,embedding=1,server=y,suspend=n,address=127.0.0.1:56500
Begin MonoManager ReloadAssembly
Registering precompiled unity dll's ...
Register platform support module: C:/Program Files/Unity/Hub/Editor/2021.3.9f1/Editor/Data/PlaybackEngines/WebGLSupport/UnityEditor.WebGL.Extensions.dll
Register platform support module: C:/Program Files/Unity/Hub/Editor/2021.3.9f1/Editor/Data/PlaybackEngines/WindowsStandaloneSupport/UnityEditor.WindowsStandalone.Extensions.dll
Registered in 0.033832 seconds.
Native extension for WindowsStandalone target not found
Native extension for WebGL target not found
Refreshing native plugins compatible for Editor in 430.73 ms, found 3 plugins.
Preloading 0 native plugins for Editor in 0.00 ms.
Mono: successfully reloaded assembly
- Completed reload, in  3.563 seconds
Domain Reload Profiling:
	ReloadAssembly (3564ms)
		BeginReloadAssembly (494ms)
			ExecutionOrderSort (0ms)
			DisableScriptedObjects (0ms)
			BackupInstance (0ms)
			ReleaseScriptingObjects (0ms)
			CreateAndSetChildDomain (3ms)
		EndReloadAssembly (2430ms)
			LoadAssemblies (485ms)
			RebuildTransferFunctionScriptingTraits (0ms)
			SetupTypeCache (616ms)
			ReleaseScriptCaches (0ms)
			RebuildScriptCaches (88ms)
			SetupLoadedEditorAssemblies (1520ms)
				LogAssemblyErrors (0ms)
				InitializePlatformSupportModulesInManaged (46ms)
				SetLoadedEditorAssemblies (1ms)
				RefreshPlugins (431ms)
				BeforeProcessingInitializeOnLoad (4ms)
				ProcessInitializeOnLoadAttributes (793ms)
				ProcessInitializeOnLoadMethodAttributes (244ms)
				AfterProcessingInitializeOnLoad (0ms)
				EditorAssembliesLoaded (0ms)
			ExecutionOrderSort2 (0ms)
			AwakeInstancesAfterBackupRestoration (0ms)
Platform modules already initialized, skipping
Registering precompiled user dll's ...
Registered in 0.032771 seconds.
Begin MonoManager ReloadAssembly
Symbol file LoadedFromMemory doesn't match image C:\Septiembre-Diciembre 2022\Creación de videojuegos\Unidad I\Proyectos unity\Personal Proyect\Library\PackageCache\com.unity.visualscripting@1.7.8\Editor\VisualScripting.Core\Dependencies\YamlDotNet\Unity.VisualScripting.YamlDotNet.dll
Symbol file LoadedFromMemory doesn't match image C:\Septiembre-Diciembre 2022\Creación de videojuegos\Unidad I\Proyectos unity\Personal Proyect\Library\PackageCache\com.unity.visualscripting@1.7.8\Editor\VisualScripting.Core\Dependencies\DotNetZip\Unity.VisualScripting.IonicZip.dll
Native extension for WindowsStandalone target not found
Native extension for WebGL target not found
Refreshing native plugins compatible for Editor in 1.95 ms, found 3 plugins.
Preloading 0 native plugins for Editor in 0.00 ms.
Mono: successfully reloaded assembly
- Completed reload, in  4.978 seconds
Domain Reload Profiling:
	ReloadAssembly (4985ms)
		BeginReloadAssembly (409ms)
			ExecutionOrderSort (0ms)
			DisableScriptedObjects (25ms)
			BackupInstance (0ms)
			ReleaseScriptingObjects (0ms)
			CreateAndSetChildDomain (62ms)
		EndReloadAssembly (3931ms)
			LoadAssemblies (281ms)
			RebuildTransferFunctionScriptingTraits (0ms)
			SetupTypeCache (1524ms)
			ReleaseScriptCaches (2ms)
			RebuildScriptCaches (219ms)
			SetupLoadedEditorAssemblies (1716ms)
				LogAssemblyErrors (0ms)
				InitializePlatformSupportModulesInManaged (31ms)
				SetLoadedEditorAssemblies (1ms)
				RefreshPlugins (2ms)
				BeforeProcessingInitializeOnLoad (420ms)
				ProcessInitializeOnLoadAttributes (1101ms)
				ProcessInitializeOnLoadMethodAttributes (128ms)
				AfterProcessingInitializeOnLoad (32ms)
				EditorAssembliesLoaded (0ms)
			ExecutionOrderSort2 (0ms)
			AwakeInstancesAfterBackupRestoration (26ms)
Platform modules already initialized, skipping
========================================================================
Worker process is ready to serve import requests
Launched and connected shader compiler UnityShaderCompiler.exe after 0.19 seconds
Refreshing native plugins compatible for Editor in 0.98 ms, found 3 plugins.
Preloading 0 native plugins for Editor in 0.00 ms.
Unloading 3380 Unused Serialized files (Serialized files now loaded: 0)
Unloading 27 unused Assets / (111.4 KB). Loaded Objects now: 3837.
Memory consumption went from 117.3 MB to 117.2 MB.
Total: 13.365100 ms (FindLiveObjects: 1.172400 ms CreateObjectMapping: 0.612000 ms MarkObjects: 11.378100 ms  DeleteObjects: 0.200900 ms)

AssetImportParameters requested are different than current active one (requested -> active):
  custom:video-decoder-ogg-theora: a1e56fd34408186e4bbccfd4996cb3dc -> 
  custom:container-muxer-webm: aa71ff27fc2769a1b78a27578f13a17b -> 
  custom:container-demuxer-webm: 4f35f7cbe854078d1ac9338744f61a02 -> 
  custom:video-encoder-webm-vp8: eb34c28f22e8b96e1ab97ce403110664 -> 
  custom:audio-encoder-webm-vorbis: bf7c407c2cedff20999df2af8eb42d56 -> 
  custom:framework-win-MediaFoundation: 216162199b28c13a410421893ffa2e32 -> 
  custom:container-demuxer-ogg: 62fdf1f143b41e24485cea50d1cbac27 -> 
  custom:video-decoder-webm-vp8: 9c59270c3fd7afecdb556c50c9e8de78 -> 
  custom:audio-decoder-ogg-vorbis: bf7c407c2cedff20999df2af8eb42d56 -> 
========================================================================
Received Import Request.
  Time since last request: 189101.283032 seconds.
  path: Assets/Scenes/My Game.unity
  artifactKey: Guid(9fc0d4010bbf28b4594072e72b8655ab) Importer(815301076,1909f56bfc062723c751e8b465ee728b)
Start importing Assets/Scenes/My Game.unity using Guid(9fc0d4010bbf28b4594072e72b8655ab) Importer(815301076,1909f56bfc062723c751e8b465ee728b)  -> (artifact id: 'fe46582053c233d1a3384877b292f393') in 0.030098 seconds 
========================================================================
Received Import Request.
  Time since last request: 988.352334 seconds.
  path: Assets/Materials
  artifactKey: Guid(905188c3326ad18499ebe7377bcb5bd7) Importer(815301076,1909f56bfc062723c751e8b465ee728b)
Start importing Assets/Materials using Guid(905188c3326ad18499ebe7377bcb5bd7) Importer(815301076,1909f56bfc062723c751e8b465ee728b)  -> (artifact id: 'a17c03a91c6bfa8b5b2e7e27f13c9716') in 0.026857 seconds 
========================================================================
Received Import Request.
  Time since last request: 46.938220 seconds.
  path: Assets/Materials/Blue.mat
  artifactKey: Guid(ef597e160cc98f4428e48aaae8446dcc) Importer(815301076,1909f56bfc062723c751e8b465ee728b)
Start importing Assets/Materials/Blue.mat using Guid(ef597e160cc98f4428e48aaae8446dcc) Importer(815301076,1909f56bfc062723c751e8b465ee728b)  -> (artifact id: '82b61e29b1a2f8bce2e01eba974ab9bf') in 1.197008 seconds 
========================================================================
Received Import Request.
  Time since last request: 1534.091737 seconds.
  path: Assets/Materials/Blue.mat
  artifactKey: Guid(ef597e160cc98f4428e48aaae8446dcc) Importer(815301076,1909f56bfc062723c751e8b465ee728b)
Start importing Assets/Materials/Blue.mat using Guid(ef597e160cc98f4428e48aaae8446dcc) Importer(815301076,1909f56bfc062723c751e8b465ee728b)  -> (artifact id: '8353dfd7e26e8ecc77ab9b446874d5ef') in 0.051846 seconds 
========================================================================
Received Import Request.
  Time since last request: 588.174358 seconds.
  path: Assets/Materials/Red.mat
  artifactKey: Guid(b71d523216e362c47a21b248db72f8eb) Importer(815301076,1909f56bfc062723c751e8b465ee728b)
Start importing Assets/Materials/Red.mat using Guid(b71d523216e362c47a21b248db72f8eb) Importer(815301076,1909f56bfc062723c751e8b465ee728b)  -> (artifact id: '5c707899fafe2e1c4b939b1c1c5507fd') in 0.046988 seconds 
========================================================================
Received Import Request.
  Time since last request: 40.633872 seconds.
  path: Assets/Materials/Red_Light.mat
  artifactKey: Guid(95a9bc15cba8cbf44a59aac9baa76910) Importer(815301076,1909f56bfc062723c751e8b465ee728b)
Start importing Assets/Materials/Red_Light.mat using Guid(95a9bc15cba8cbf44a59aac9baa76910) Importer(815301076,1909f56bfc062723c751e8b465ee728b)  -> (artifact id: '4789d967aa10dbe439ee131d4d4b2866') in 0.042629 seconds 
========================================================================
Received Import Request.
  Time since last request: 29.556050 seconds.
  path: Assets/Materials/Red_Dark.mat
  artifactKey: Guid(47b8c42503ea26e449302b12242ab9f0) Importer(815301076,1909f56bfc062723c751e8b465ee728b)
Start importing Assets/Materials/Red_Dark.mat using Guid(47b8c42503ea26e449302b12242ab9f0) Importer(815301076,1909f56bfc062723c751e8b465ee728b)  -> (artifact id: '9d9dc7f9ad256801cf4e144667449a90') in 0.046191 seconds 
========================================================================
Received Import Request.
  Time since last request: 42.954679 seconds.
  path: Assets/Materials/Red_Medium.mat
  artifactKey: Guid(6f5de48a7d8f43a4980f1ffaf4d98c8a) Importer(815301076,1909f56bfc062723c751e8b465ee728b)
Start importing Assets/Materials/Red_Medium.mat using Guid(6f5de48a7d8f43a4980f1ffaf4d98c8a) Importer(815301076,1909f56bfc062723c751e8b465ee728b)  -> (artifact id: '913fefe89c1aa5c183e73b2faab6f434') in 0.038356 seconds 
========================================================================
Received Import Request.
  Time since last request: 615.654290 seconds.
  path: Assets/Scenes
  artifactKey: Guid(6ea315d0fd7389c41b19996891e99ae3) Importer(815301076,1909f56bfc062723c751e8b465ee728b)
Start importing Assets/Scenes using Guid(6ea315d0fd7389c41b19996891e99ae3) Importer(815301076,1909f56bfc062723c751e8b465ee728b)  -> (artifact id: 'b8193726cff86800c54781cdc6d54904') in 0.015108 seconds 
========================================================================
Received Import Request.
  Time since last request: 0.001746 seconds.
  path: Assets/Materials/Red_Dark.mat
  artifactKey: Guid(47b8c42503ea26e449302b12242ab9f0) Importer(815301076,1909f56bfc062723c751e8b465ee728b)
Start importing Assets/Materials/Red_Dark.mat using Guid(47b8c42503ea26e449302b12242ab9f0) Importer(815301076,1909f56bfc062723c751e8b465ee728b)  -> (artifact id: 'a7e36031a06d8630db76e3d0c07f33a2') in 0.027169 seconds 
========================================================================
Received Import Request.
  Time since last request: 0.005793 seconds.
  path: Assets/Materials/Red_Medium.mat
  artifactKey: Guid(6f5de48a7d8f43a4980f1ffaf4d98c8a) Importer(815301076,1909f56bfc062723c751e8b465ee728b)
Start importing Assets/Materials/Red_Medium.mat using Guid(6f5de48a7d8f43a4980f1ffaf4d98c8a) Importer(815301076,1909f56bfc062723c751e8b465ee728b)  -> (artifact id: '6f30ba77934b6e1c61ecca25b64cd9a4') in 0.023797 seconds 
========================================================================
Received Import Request.
  Time since last request: 0.005313 seconds.
  path: Assets/Materials/Red_Light.mat
  artifactKey: Guid(95a9bc15cba8cbf44a59aac9baa76910) Importer(815301076,1909f56bfc062723c751e8b465ee728b)
Start importing Assets/Materials/Red_Light.mat using Guid(95a9bc15cba8cbf44a59aac9baa76910) Importer(815301076,1909f56bfc062723c751e8b465ee728b)  -> (artifact id: 'a35f3b0a711620232072c997d82c12aa') in 0.025874 seconds 
========================================================================
Received Import Request.
  Time since last request: 0.006183 seconds.
  path: Assets/Materials/Red.mat
  artifactKey: Guid(b71d523216e362c47a21b248db72f8eb) Importer(815301076,1909f56bfc062723c751e8b465ee728b)
Start importing Assets/Materials/Red.mat using Guid(b71d523216e362c47a21b248db72f8eb) Importer(815301076,1909f56bfc062723c751e8b465ee728b)  -> (artifact id: '865c4af1ae2f1effd5b5bba8635e771a') in 0.021908 seconds 
========================================================================
Received Import Request.
  Time since last request: 0.023921 seconds.
  path: Assets/Scenes/My Game.unity
  artifactKey: Guid(9fc0d4010bbf28b4594072e72b8655ab) Importer(815301076,1909f56bfc062723c751e8b465ee728b)
Start importing Assets/Scenes/My Game.unity using Guid(9fc0d4010bbf28b4594072e72b8655ab) Importer(815301076,1909f56bfc062723c751e8b465ee728b)  -> (artifact id: '280ad46ed7c8894ef27bfb873c25a08c') in 0.003055 seconds 
========================================================================
Received Import Request.
  Time since last request: 0.003951 seconds.
  path: Assets/Materials/Green.mat
  artifactKey: Guid(8bdc48075035fb647a014865addbcbb7) Importer(815301076,1909f56bfc062723c751e8b465ee728b)
Start importing Assets/Materials/Green.mat using Guid(8bdc48075035fb647a014865addbcbb7) Importer(815301076,1909f56bfc062723c751e8b465ee728b)  -> (artifact id: '40ed9dc14b34a77939b6345080238b99') in 0.024054 seconds 
